<?xml version="1.0" encoding="UTF-8"?>
<!-- Generated by org.testng.reporters.JUnitReportReporter -->
<testsuite hostname="adminpdfs-MacBook-Pro.local" failures="0" tests="1" name="LastDigitalTest" time="7.468" errors="0" timestamp="2022-09-27T18:29:21 EEST" skipped="0">
  <testcase classname="LastDigitalTest" name="lastDigitalTest" time="7.468"/>
  <system-out/>
</testsuite> <!-- LastDigitalTest -->
